<?xml version="1.0" encoding="UTF-8"?>
<testsuite xmlns:xsi="http://www.w3.org/2001/XMLSchema-instance" xsi:noNamespaceSchemaLocation="https://maven.apache.org/surefire/maven-surefire-plugin/xsd/surefire-test-report-3.0.xsd" version="3.0" name="com.calculator.proyect.calculadora_PU.MainTest" time="0.05" tests="5" errors="0" skipped="0" failures="0">
  <properties>
    <property name="java.specification.version" value="17"/>
    <property name="sun.cpu.isalist" value="amd64"/>
    <property name="sun.jnu.encoding" value="Cp1252"/>
    <property name="java.class.path" value="C:\Users\equip\Desktop\Archivos Trabajo\Taller Sonarcloud - Github\Nueva carpeta\projecto_calculadora\target\test-classes;C:\Users\equip\Desktop\Archivos Trabajo\Taller Sonarcloud - Github\Nueva carpeta\projecto_calculadora\target\classes;C:\Users\equip\.m2\repository\junit\junit\4.13.2\junit-4.13.2.jar;C:\Users\equip\.m2\repository\org\hamcrest\hamcrest-core\1.3\hamcrest-core-1.3.jar;"/>
    <property name="java.vm.vendor" value="Oracle Corporation"/>
    <property name="sun.arch.data.model" value="64"/>
    <property name="user.variant" value=""/>
    <property name="java.vendor.url" value="https://java.oracle.com/"/>
    <property name="user.timezone" value="America/Santiago"/>
    <property name="os.name" value="Windows 11"/>
    <property name="java.vm.specification.version" value="17"/>
    <property name="sun.java.launcher" value="SUN_STANDARD"/>
    <property name="user.country" value="CL"/>
    <property name="sun.boot.library.path" value="C:\Program Files\Java\jdk-17\bin"/>
    <property name="sun.java.command" value="C:\Users\equip\AppData\Local\Temp\surefire10438859638888275459\surefirebooter-20240905101207883_3.jar C:\Users\equip\AppData\Local\Temp\surefire10438859638888275459 2024-09-05T10-12-07_750-jvmRun1 surefire-20240905101207883_1tmp surefire_0-20240905101207883_2tmp"/>
    <property name="jdk.debug" value="release"/>
    <property name="surefire.test.class.path" value="C:\Users\equip\Desktop\Archivos Trabajo\Taller Sonarcloud - Github\Nueva carpeta\projecto_calculadora\target\test-classes;C:\Users\equip\Desktop\Archivos Trabajo\Taller Sonarcloud - Github\Nueva carpeta\projecto_calculadora\target\classes;C:\Users\equip\.m2\repository\junit\junit\4.13.2\junit-4.13.2.jar;C:\Users\equip\.m2\repository\org\hamcrest\hamcrest-core\1.3\hamcrest-core-1.3.jar;"/>
    <property name="sun.cpu.endian" value="little"/>
    <property name="user.home" value="C:\Users\equip"/>
    <property name="user.language" value="es"/>
    <property name="java.specification.vendor" value="Oracle Corporation"/>
    <property name="java.version.date" value="2024-07-16"/>
    <property name="java.home" value="C:\Program Files\Java\jdk-17"/>
    <property name="file.separator" value="\"/>
    <property name="basedir" value="C:\Users\equip\Desktop\Archivos Trabajo\Taller Sonarcloud - Github\Nueva carpeta\projecto_calculadora"/>
    <property name="java.vm.compressedOopsMode" value="Zero based"/>
    <property name="line.separator" value="&#10;"/>
    <property name="java.vm.specification.vendor" value="Oracle Corporation"/>
    <property name="java.specification.name" value="Java Platform API Specification"/>
    <property name="surefire.real.class.path" value="C:\Users\equip\AppData\Local\Temp\surefire10438859638888275459\surefirebooter-20240905101207883_3.jar"/>
    <property name="user.script" value=""/>
    <property name="sun.management.compiler" value="HotSpot 64-Bit Tiered Compilers"/>
    <property name="java.runtime.version" value="17.0.12+8-LTS-286"/>
    <property name="user.name" value="Kiev"/>
    <property name="path.separator" value=";"/>
    <property name="os.version" value="10.0"/>
    <property name="java.runtime.name" value="Java(TM) SE Runtime Environment"/>
    <property name="file.encoding" value="Cp1252"/>
    <property name="java.vm.name" value="Java HotSpot(TM) 64-Bit Server VM"/>
    <property name="localRepository" value="C:\Users\equip\.m2\repository"/>
    <property name="java.vendor.url.bug" value="https://bugreport.java.com/bugreport/"/>
    <property name="java.io.tmpdir" value="C:\Users\equip\AppData\Local\Temp\"/>
    <property name="java.version" value="17.0.12"/>
    <property name="user.dir" value="C:\Users\equip\Desktop\Archivos Trabajo\Taller Sonarcloud - Github\Nueva carpeta\projecto_calculadora"/>
    <property name="os.arch" value="amd64"/>
    <property name="java.vm.specification.name" value="Java Virtual Machine Specification"/>
    <property name="sun.os.patch.level" value=""/>
    <property name="native.encoding" value="Cp1252"/>
    <property name="sonar.projectKey" value="KevOrellana_projecto_calculadora"/>
    <property name="java.library.path" value="C:\Program Files\Java\jdk-17\bin;C:\WINDOWS\Sun\Java\bin;C:\WINDOWS\system32;C:\WINDOWS;C:\Program Files (x86)\VMware\VMware Player\bin\;C:\windows\system32;C:\windows;C:\windows\System32\Wbem;C:\windows\System32\WindowsPowerShell\v1.0\;C:\windows\System32\OpenSSH\;C:\Program Files (x86)\NVIDIA Corporation\PhysX\Common;C:\Program Files\Java\jdk-17\bin;C:\WINDOWS\system32;C:\WINDOWS;C:\WINDOWS\System32\Wbem;C:\WINDOWS\System32\WindowsPowerShell\v1.0\;C:\WINDOWS\System32\OpenSSH\;C:\Program Files\NVIDIA Corporation\NVIDIA app\NvDLISR;C:\SonarQube\sonar-scanner-5.0.0.2966-windows\bin;C:\Program Files\Git\cmd;C:\Apache\apache-maven-3.9.8\bin;C:\Users\equip\AppData\Local\Programs\Python\Python312\Scripts\;C:\Users\equip\AppData\Local\Programs\Python\Python312\;C:\Users\equip\AppData\Local\Microsoft\WindowsApps;C:\Users\equip\AppData\Local\Programs\Microsoft VS Code\bin;."/>
    <property name="java.vm.info" value="mixed mode, sharing"/>
    <property name="java.vendor" value="Oracle Corporation"/>
    <property name="java.vm.version" value="17.0.12+8-LTS-286"/>
    <property name="sun.io.unicode.encoding" value="UnicodeLittle"/>
    <property name="java.class.version" value="61.0"/>
  </properties>
  <testcase name="testSumar" classname="com.calculator.proyect.calculadora_PU.MainTest" time="0.006">
    <system-out><![CDATA[El primer numero es: 5.0
El segundo numero es: 3.0

El resultado es: 8.0
]]></system-out>
  </testcase>
  <testcase name="testMultiplicar" classname="com.calculator.proyect.calculadora_PU.MainTest" time="0.001">
    <system-out><![CDATA[El primer numero es: 5.0
El segundo numero es: 3.0
El resultado es: 15.0
]]></system-out>
  </testcase>
  <testcase name="testDividirPorCero" classname="com.calculator.proyect.calculadora_PU.MainTest" time="0.002">
    <system-out><![CDATA[El primer numero es: 5.0
El segundo numero es: 0.0
Error: No se puede dividir por cero
]]></system-out>
  </testcase>
  <testcase name="testDividir" classname="com.calculator.proyect.calculadora_PU.MainTest" time="0.0">
    <system-out><![CDATA[El primer numero es: 5.0
El segundo numero es: 3.0
El resultado es: 1.6666666666666667
]]></system-out>
  </testcase>
  <testcase name="testRestar" classname="com.calculator.proyect.calculadora_PU.MainTest" time="0.0">
    <system-out><![CDATA[El primer numero es: 5.0
El segundo numero es: 3.0
El resultado es: 2.0
]]></system-out>
  </testcase>
</testsuite>